<?xml version="1.0" encoding="UTF-8"?>
<testsuite xmlns:xsi="http://www.w3.org/2001/XMLSchema-instance" xsi:noNamespaceSchemaLocation="https://maven.apache.org/surefire/maven-surefire-plugin/xsd/surefire-test-report.xsd" name="org.example.TwitterServiceTest" time="2.916" tests="2" errors="0" skipped="0" failures="0">
  <properties>
    <property name="gopherProxySet" value="false"/>
    <property name="awt.toolkit" value="sun.lwawt.macosx.LWCToolkit"/>
    <property name="file.encoding.pkg" value="sun.io"/>
    <property name="java.specification.version" value="1.8"/>
    <property name="sun.cpu.isalist" value=""/>
    <property name="sun.jnu.encoding" value="UTF-8"/>
    <property name="java.class.path" value="/Users/karthikeyan.m/IdeaProjects/DropWizard-Twitter/target/test-classes:/Users/karthikeyan.m/IdeaProjects/DropWizard-Twitter/target/classes:/Users/karthikeyan.m/.m2/repository/junit/junit/4.11/junit-4.11.jar:/Users/karthikeyan.m/.m2/repository/org/hamcrest/hamcrest-core/1.3/hamcrest-core-1.3.jar:/Users/karthikeyan.m/.m2/repository/io/dropwizard/dropwizard-core/1.0.3/dropwizard-core-1.0.3.jar:/Users/karthikeyan.m/.m2/repository/io/dropwizard/dropwizard-util/1.0.3/dropwizard-util-1.0.3.jar:/Users/karthikeyan.m/.m2/repository/com/fasterxml/jackson/core/jackson-annotations/2.7.8/jackson-annotations-2.7.8.jar:/Users/karthikeyan.m/.m2/repository/com/google/guava/guava/19.0/guava-19.0.jar:/Users/karthikeyan.m/.m2/repository/com/google/code/findbugs/jsr305/3.0.1/jsr305-3.0.1.jar:/Users/karthikeyan.m/.m2/repository/joda-time/joda-time/2.9.4/joda-time-2.9.4.jar:/Users/karthikeyan.m/.m2/repository/io/dropwizard/dropwizard-jackson/1.0.3/dropwizard-jackson-1.0.3.jar:/Users/karthikeyan.m/.m2/repository/com/fasterxml/jackson/core/jackson-core/2.7.8/jackson-core-2.7.8.jar:/Users/karthikeyan.m/.m2/repository/com/fasterxml/jackson/core/jackson-databind/2.7.8/jackson-databind-2.7.8.jar:/Users/karthikeyan.m/.m2/repository/com/fasterxml/jackson/datatype/jackson-datatype-guava/2.7.8/jackson-datatype-guava-2.7.8.jar:/Users/karthikeyan.m/.m2/repository/com/fasterxml/jackson/datatype/jackson-datatype-jsr310/2.7.8/jackson-datatype-jsr310-2.7.8.jar:/Users/karthikeyan.m/.m2/repository/com/fasterxml/jackson/datatype/jackson-datatype-jdk8/2.7.8/jackson-datatype-jdk8-2.7.8.jar:/Users/karthikeyan.m/.m2/repository/com/fasterxml/jackson/module/jackson-module-afterburner/2.7.8/jackson-module-afterburner-2.7.8.jar:/Users/karthikeyan.m/.m2/repository/com/fasterxml/jackson/datatype/jackson-datatype-joda/2.7.8/jackson-datatype-joda-2.7.8.jar:/Users/karthikeyan.m/.m2/repository/org/slf4j/slf4j-api/1.7.21/slf4j-api-1.7.21.jar:/Users/karthikeyan.m/.m2/repository/ch/qos/logback/logback-classic/1.1.7/logback-classic-1.1.7.jar:/Users/karthikeyan.m/.m2/repository/io/dropwizard/dropwizard-validation/1.0.3/dropwizard-validation-1.0.3.jar:/Users/karthikeyan.m/.m2/repository/org/hibernate/hibernate-validator/5.2.4.Final/hibernate-validator-5.2.4.Final.jar:/Users/karthikeyan.m/.m2/repository/javax/validation/validation-api/1.1.0.Final/validation-api-1.1.0.Final.jar:/Users/karthikeyan.m/.m2/repository/org/jboss/logging/jboss-logging/3.2.1.Final/jboss-logging-3.2.1.Final.jar:/Users/karthikeyan.m/.m2/repository/com/fasterxml/classmate/1.1.0/classmate-1.1.0.jar:/Users/karthikeyan.m/.m2/repository/org/glassfish/javax.el/3.0.0/javax.el-3.0.0.jar:/Users/karthikeyan.m/.m2/repository/io/dropwizard/dropwizard-configuration/1.0.3/dropwizard-configuration-1.0.3.jar:/Users/karthikeyan.m/.m2/repository/com/fasterxml/jackson/dataformat/jackson-dataformat-yaml/2.7.8/jackson-dataformat-yaml-2.7.8.jar:/Users/karthikeyan.m/.m2/repository/org/apache/commons/commons-lang3/3.4/commons-lang3-3.4.jar:/Users/karthikeyan.m/.m2/repository/io/dropwizard/dropwizard-logging/1.0.3/dropwizard-logging-1.0.3.jar:/Users/karthikeyan.m/.m2/repository/io/dropwizard/metrics/metrics-logback/3.1.2/metrics-logback-3.1.2.jar:/Users/karthikeyan.m/.m2/repository/org/slf4j/jul-to-slf4j/1.7.21/jul-to-slf4j-1.7.21.jar:/Users/karthikeyan.m/.m2/repository/ch/qos/logback/logback-core/1.1.7/logback-core-1.1.7.jar:/Users/karthikeyan.m/.m2/repository/org/slf4j/log4j-over-slf4j/1.7.21/log4j-over-slf4j-1.7.21.jar:/Users/karthikeyan.m/.m2/repository/org/slf4j/jcl-over-slf4j/1.7.21/jcl-over-slf4j-1.7.21.jar:/Users/karthikeyan.m/.m2/repository/org/eclipse/jetty/jetty-util/9.3.9.v20160517/jetty-util-9.3.9.v20160517.jar:/Users/karthikeyan.m/.m2/repository/io/dropwizard/dropwizard-metrics/1.0.3/dropwizard-metrics-1.0.3.jar:/Users/karthikeyan.m/.m2/repository/io/dropwizard/dropwizard-jersey/1.0.3/dropwizard-jersey-1.0.3.jar:/Users/karthikeyan.m/.m2/repository/org/glassfish/jersey/core/jersey-server/2.23.1/jersey-server-2.23.1.jar:/Users/karthikeyan.m/.m2/repository/org/glassfish/jersey/core/jersey-common/2.23.1/jersey-common-2.23.1.jar:/Users/karthikeyan.m/.m2/repository/org/glassfish/jersey/bundles/repackaged/jersey-guava/2.23.1/jersey-guava-2.23.1.jar:/Users/karthikeyan.m/.m2/repository/org/glassfish/hk2/osgi-resource-locator/1.0.1/osgi-resource-locator-1.0.1.jar:/Users/karthikeyan.m/.m2/repository/org/glassfish/jersey/core/jersey-client/2.23.1/jersey-client-2.23.1.jar:/Users/karthikeyan.m/.m2/repository/javax/ws/rs/javax.ws.rs-api/2.0.1/javax.ws.rs-api-2.0.1.jar:/Users/karthikeyan.m/.m2/repository/org/glassfish/jersey/media/jersey-media-jaxb/2.23.1/jersey-media-jaxb-2.23.1.jar:/Users/karthikeyan.m/.m2/repository/javax/annotation/javax.annotation-api/1.2/javax.annotation-api-1.2.jar:/Users/karthikeyan.m/.m2/repository/org/glassfish/hk2/hk2-api/2.4.0-b34/hk2-api-2.4.0-b34.jar:/Users/karthikeyan.m/.m2/repository/org/glassfish/hk2/hk2-utils/2.4.0-b34/hk2-utils-2.4.0-b34.jar:/Users/karthikeyan.m/.m2/repository/org/glassfish/hk2/external/aopalliance-repackaged/2.4.0-b34/aopalliance-repackaged-2.4.0-b34.jar:/Users/karthikeyan.m/.m2/repository/org/glassfish/hk2/external/javax.inject/2.4.0-b34/javax.inject-2.4.0-b34.jar:/Users/karthikeyan.m/.m2/repository/org/glassfish/hk2/hk2-locator/2.4.0-b34/hk2-locator-2.4.0-b34.jar:/Users/karthikeyan.m/.m2/repository/org/javassist/javassist/3.18.1-GA/javassist-3.18.1-GA.jar:/Users/karthikeyan.m/.m2/repository/org/glassfish/jersey/ext/jersey-metainf-services/2.23.1/jersey-metainf-services-2.23.1.jar:/Users/karthikeyan.m/.m2/repository/org/glassfish/jersey/ext/jersey-bean-validation/2.23.1/jersey-bean-validation-2.23.1.jar:/Users/karthikeyan.m/.m2/repository/io/dropwizard/metrics/metrics-jersey2/3.1.2/metrics-jersey2-3.1.2.jar:/Users/karthikeyan.m/.m2/repository/com/fasterxml/jackson/jaxrs/jackson-jaxrs-json-provider/2.7.8/jackson-jaxrs-json-provider-2.7.8.jar:/Users/karthikeyan.m/.m2/repository/com/fasterxml/jackson/jaxrs/jackson-jaxrs-base/2.7.8/jackson-jaxrs-base-2.7.8.jar:/Users/karthikeyan.m/.m2/repository/com/fasterxml/jackson/module/jackson-module-jaxb-annotations/2.7.8/jackson-module-jaxb-annotations-2.7.8.jar:/Users/karthikeyan.m/.m2/repository/org/glassfish/jersey/containers/jersey-container-servlet/2.23.1/jersey-container-servlet-2.23.1.jar:/Users/karthikeyan.m/.m2/repository/org/glassfish/jersey/containers/jersey-container-servlet-core/2.23.1/jersey-container-servlet-core-2.23.1.jar:/Users/karthikeyan.m/.m2/repository/org/eclipse/jetty/jetty-server/9.3.9.v20160517/jetty-server-9.3.9.v20160517.jar:/Users/karthikeyan.m/.m2/repository/javax/servlet/javax.servlet-api/3.1.0/javax.servlet-api-3.1.0.jar:/Users/karthikeyan.m/.m2/repository/org/eclipse/jetty/jetty-io/9.3.9.v20160517/jetty-io-9.3.9.v20160517.jar:/Users/karthikeyan.m/.m2/repository/org/eclipse/jetty/jetty-webapp/9.3.9.v20160517/jetty-webapp-9.3.9.v20160517.jar:/Users/karthikeyan.m/.m2/repository/org/eclipse/jetty/jetty-xml/9.3.9.v20160517/jetty-xml-9.3.9.v20160517.jar:/Users/karthikeyan.m/.m2/repository/org/eclipse/jetty/jetty-continuation/9.3.9.v20160517/jetty-continuation-9.3.9.v20160517.jar:/Users/karthikeyan.m/.m2/repository/io/dropwizard/dropwizard-servlets/1.0.3/dropwizard-servlets-1.0.3.jar:/Users/karthikeyan.m/.m2/repository/io/dropwizard/metrics/metrics-annotation/3.1.2/metrics-annotation-3.1.2.jar:/Users/karthikeyan.m/.m2/repository/io/dropwizard/dropwizard-jetty/1.0.3/dropwizard-jetty-1.0.3.jar:/Users/karthikeyan.m/.m2/repository/io/dropwizard/metrics/metrics-jetty9/3.1.2/metrics-jetty9-3.1.2.jar:/Users/karthikeyan.m/.m2/repository/org/eclipse/jetty/jetty-servlet/9.3.9.v20160517/jetty-servlet-9.3.9.v20160517.jar:/Users/karthikeyan.m/.m2/repository/org/eclipse/jetty/jetty-security/9.3.9.v20160517/jetty-security-9.3.9.v20160517.jar:/Users/karthikeyan.m/.m2/repository/org/eclipse/jetty/jetty-servlets/9.3.9.v20160517/jetty-servlets-9.3.9.v20160517.jar:/Users/karthikeyan.m/.m2/repository/org/eclipse/jetty/jetty-http/9.3.9.v20160517/jetty-http-9.3.9.v20160517.jar:/Users/karthikeyan.m/.m2/repository/io/dropwizard/dropwizard-lifecycle/1.0.3/dropwizard-lifecycle-1.0.3.jar:/Users/karthikeyan.m/.m2/repository/io/dropwizard/metrics/metrics-core/3.1.2/metrics-core-3.1.2.jar:/Users/karthikeyan.m/.m2/repository/io/dropwizard/metrics/metrics-jvm/3.1.2/metrics-jvm-3.1.2.jar:/Users/karthikeyan.m/.m2/repository/io/dropwizard/metrics/metrics-servlets/3.1.2/metrics-servlets-3.1.2.jar:/Users/karthikeyan.m/.m2/repository/io/dropwizard/metrics/metrics-json/3.1.2/metrics-json-3.1.2.jar:/Users/karthikeyan.m/.m2/repository/io/dropwizard/metrics/metrics-healthchecks/3.1.2/metrics-healthchecks-3.1.2.jar:/Users/karthikeyan.m/.m2/repository/io/dropwizard/dropwizard-request-logging/1.0.3/dropwizard-request-logging-1.0.3.jar:/Users/karthikeyan.m/.m2/repository/ch/qos/logback/logback-access/1.1.7/logback-access-1.1.7.jar:/Users/karthikeyan.m/.m2/repository/net/sourceforge/argparse4j/argparse4j/0.7.0/argparse4j-0.7.0.jar:/Users/karthikeyan.m/.m2/repository/org/eclipse/jetty/toolchain/setuid/jetty-setuid-java/1.0.3/jetty-setuid-java-1.0.3.jar:/Users/karthikeyan.m/.m2/repository/org/twitter4j/twitter4j-core/4.0.7/twitter4j-core-4.0.7.jar:/Users/karthikeyan.m/.m2/repository/org/yaml/snakeyaml/1.21/snakeyaml-1.21.jar:/Users/karthikeyan.m/.m2/repository/org/springframework/spring-context/4.0.5.RELEASE/spring-context-4.0.5.RELEASE.jar:/Users/karthikeyan.m/.m2/repository/org/springframework/spring-aop/4.0.5.RELEASE/spring-aop-4.0.5.RELEASE.jar:/Users/karthikeyan.m/.m2/repository/aopalliance/aopalliance/1.0/aopalliance-1.0.jar:/Users/karthikeyan.m/.m2/repository/org/springframework/spring-beans/4.0.5.RELEASE/spring-beans-4.0.5.RELEASE.jar:/Users/karthikeyan.m/.m2/repository/org/springframework/spring-core/4.0.5.RELEASE/spring-core-4.0.5.RELEASE.jar:/Users/karthikeyan.m/.m2/repository/commons-logging/commons-logging/1.1.3/commons-logging-1.1.3.jar:/Users/karthikeyan.m/.m2/repository/org/springframework/spring-expression/4.0.5.RELEASE/spring-expression-4.0.5.RELEASE.jar:/Users/karthikeyan.m/.m2/repository/io/dropwizard/dropwizard-assets/1.0.3/dropwizard-assets-1.0.3.jar:/Users/karthikeyan.m/.m2/repository/org/springframework/spring-context-support/5.3.3/spring-context-support-5.3.3.jar:/Users/karthikeyan.m/.m2/repository/org/springframework/boot/spring-boot-starter-cache/2.5.0/spring-boot-starter-cache-2.5.0.jar:/Users/karthikeyan.m/.m2/repository/org/springframework/boot/spring-boot-starter/2.5.0/spring-boot-starter-2.5.0.jar:/Users/karthikeyan.m/.m2/repository/org/springframework/boot/spring-boot/2.5.0/spring-boot-2.5.0.jar:/Users/karthikeyan.m/.m2/repository/org/springframework/boot/spring-boot-autoconfigure/2.5.0/spring-boot-autoconfigure-2.5.0.jar:/Users/karthikeyan.m/.m2/repository/org/springframework/boot/spring-boot-starter-logging/2.5.0/spring-boot-starter-logging-2.5.0.jar:/Users/karthikeyan.m/.m2/repository/org/apache/logging/log4j/log4j-to-slf4j/2.14.1/log4j-to-slf4j-2.14.1.jar:/Users/karthikeyan.m/.m2/repository/org/apache/logging/log4j/log4j-api/2.14.1/log4j-api-2.14.1.jar:/Users/karthikeyan.m/.m2/repository/jakarta/annotation/jakarta.annotation-api/1.3.5/jakarta.annotation-api-1.3.5.jar:/Users/karthikeyan.m/.m2/repository/org/easymock/easymock/3.5.1/easymock-3.5.1.jar:/Users/karthikeyan.m/.m2/repository/org/objenesis/objenesis/2.6/objenesis-2.6.jar:/Users/karthikeyan.m/.m2/repository/org/jacoco/jacoco-maven-plugin/0.8.7/jacoco-maven-plugin-0.8.7.jar:/Users/karthikeyan.m/.m2/repository/org/apache/maven/maven-plugin-api/3.0/maven-plugin-api-3.0.jar:/Users/karthikeyan.m/.m2/repository/org/apache/maven/maven-model/3.0/maven-model-3.0.jar:/Users/karthikeyan.m/.m2/repository/org/apache/maven/maven-artifact/3.0/maven-artifact-3.0.jar:/Users/karthikeyan.m/.m2/repository/org/sonatype/sisu/sisu-inject-plexus/1.4.2/sisu-inject-plexus-1.4.2.jar:/Users/karthikeyan.m/.m2/repository/org/sonatype/sisu/sisu-inject-bean/1.4.2/sisu-inject-bean-1.4.2.jar:/Users/karthikeyan.m/.m2/repository/org/sonatype/sisu/sisu-guice/2.1.7/sisu-guice-2.1.7-noaop.jar:/Users/karthikeyan.m/.m2/repository/org/apache/maven/maven-core/3.0/maven-core-3.0.jar:/Users/karthikeyan.m/.m2/repository/org/apache/maven/maven-settings/3.0/maven-settings-3.0.jar:/Users/karthikeyan.m/.m2/repository/org/apache/maven/maven-settings-builder/3.0/maven-settings-builder-3.0.jar:/Users/karthikeyan.m/.m2/repository/org/apache/maven/maven-repository-metadata/3.0/maven-repository-metadata-3.0.jar:/Users/karthikeyan.m/.m2/repository/org/apache/maven/maven-model-builder/3.0/maven-model-builder-3.0.jar:/Users/karthikeyan.m/.m2/repository/org/apache/maven/maven-aether-provider/3.0/maven-aether-provider-3.0.jar:/Users/karthikeyan.m/.m2/repository/org/sonatype/aether/aether-impl/1.7/aether-impl-1.7.jar:/Users/karthikeyan.m/.m2/repository/org/sonatype/aether/aether-spi/1.7/aether-spi-1.7.jar:/Users/karthikeyan.m/.m2/repository/org/sonatype/aether/aether-api/1.7/aether-api-1.7.jar:/Users/karthikeyan.m/.m2/repository/org/sonatype/aether/aether-util/1.7/aether-util-1.7.jar:/Users/karthikeyan.m/.m2/repository/org/codehaus/plexus/plexus-interpolation/1.14/plexus-interpolation-1.14.jar:/Users/karthikeyan.m/.m2/repository/org/codehaus/plexus/plexus-classworlds/2.2.3/plexus-classworlds-2.2.3.jar:/Users/karthikeyan.m/.m2/repository/org/codehaus/plexus/plexus-component-annotations/1.5.5/plexus-component-annotations-1.5.5.jar:/Users/karthikeyan.m/.m2/repository/org/sonatype/plexus/plexus-sec-dispatcher/1.3/plexus-sec-dispatcher-1.3.jar:/Users/karthikeyan.m/.m2/repository/org/sonatype/plexus/plexus-cipher/1.4/plexus-cipher-1.4.jar:/Users/karthikeyan.m/.m2/repository/org/codehaus/plexus/plexus-utils/3.0.22/plexus-utils-3.0.22.jar:/Users/karthikeyan.m/.m2/repository/org/apache/maven/shared/file-management/1.2.1/file-management-1.2.1.jar:/Users/karthikeyan.m/.m2/repository/org/apache/maven/shared/maven-shared-io/1.1/maven-shared-io-1.1.jar:/Users/karthikeyan.m/.m2/repository/org/apache/maven/maven-artifact-manager/2.0.2/maven-artifact-manager-2.0.2.jar:/Users/karthikeyan.m/.m2/repository/org/apache/maven/wagon/wagon-provider-api/1.0-alpha-6/wagon-provider-api-1.0-alpha-6.jar:/Users/karthikeyan.m/.m2/repository/org/codehaus/plexus/plexus-container-default/1.0-alpha-9/plexus-container-default-1.0-alpha-9.jar:/Users/karthikeyan.m/.m2/repository/classworlds/classworlds/1.1-alpha-2/classworlds-1.1-alpha-2.jar:/Users/karthikeyan.m/.m2/repository/org/apache/maven/reporting/maven-reporting-api/3.0/maven-reporting-api-3.0.jar:/Users/karthikeyan.m/.m2/repository/org/apache/maven/doxia/doxia-sink-api/1.0/doxia-sink-api-1.0.jar:/Users/karthikeyan.m/.m2/repository/org/jacoco/org.jacoco.agent/0.8.7/org.jacoco.agent-0.8.7-runtime.jar:/Users/karthikeyan.m/.m2/repository/org/jacoco/org.jacoco.core/0.8.7/org.jacoco.core-0.8.7.jar:/Users/karthikeyan.m/.m2/repository/org/ow2/asm/asm/9.1/asm-9.1.jar:/Users/karthikeyan.m/.m2/repository/org/ow2/asm/asm-commons/9.1/asm-commons-9.1.jar:/Users/karthikeyan.m/.m2/repository/org/ow2/asm/asm-analysis/9.1/asm-analysis-9.1.jar:/Users/karthikeyan.m/.m2/repository/org/ow2/asm/asm-tree/9.1/asm-tree-9.1.jar:/Users/karthikeyan.m/.m2/repository/org/jacoco/org.jacoco.report/0.8.7/org.jacoco.report-0.8.7.jar:"/>
    <property name="java.vm.vendor" value="Oracle Corporation"/>
    <property name="sun.arch.data.model" value="64"/>
    <property name="java.vendor.url" value="http://java.oracle.com/"/>
    <property name="user.timezone" value=""/>
    <property name="java.vm.specification.version" value="1.8"/>
    <property name="os.name" value="Mac OS X"/>
    <property name="user.country" value="IN"/>
    <property name="sun.java.launcher" value="SUN_STANDARD"/>
    <property name="sun.boot.library.path" value="/Library/Java/JavaVirtualMachines/jdk1.8.0_301.jdk/Contents/Home/jre/lib"/>
    <property name="sun.java.command" value="/Users/karthikeyan.m/IdeaProjects/DropWizard-Twitter/target/surefire/surefirebooter2942808482974998111.jar /Users/karthikeyan.m/IdeaProjects/DropWizard-Twitter/target/surefire 2021-10-06T04-16-02_904-jvmRun1 surefire3203199024284097683tmp surefire_05553720000695983536tmp"/>
    <property name="surefire.test.class.path" value="/Users/karthikeyan.m/IdeaProjects/DropWizard-Twitter/target/test-classes:/Users/karthikeyan.m/IdeaProjects/DropWizard-Twitter/target/classes:/Users/karthikeyan.m/.m2/repository/junit/junit/4.11/junit-4.11.jar:/Users/karthikeyan.m/.m2/repository/org/hamcrest/hamcrest-core/1.3/hamcrest-core-1.3.jar:/Users/karthikeyan.m/.m2/repository/io/dropwizard/dropwizard-core/1.0.3/dropwizard-core-1.0.3.jar:/Users/karthikeyan.m/.m2/repository/io/dropwizard/dropwizard-util/1.0.3/dropwizard-util-1.0.3.jar:/Users/karthikeyan.m/.m2/repository/com/fasterxml/jackson/core/jackson-annotations/2.7.8/jackson-annotations-2.7.8.jar:/Users/karthikeyan.m/.m2/repository/com/google/guava/guava/19.0/guava-19.0.jar:/Users/karthikeyan.m/.m2/repository/com/google/code/findbugs/jsr305/3.0.1/jsr305-3.0.1.jar:/Users/karthikeyan.m/.m2/repository/joda-time/joda-time/2.9.4/joda-time-2.9.4.jar:/Users/karthikeyan.m/.m2/repository/io/dropwizard/dropwizard-jackson/1.0.3/dropwizard-jackson-1.0.3.jar:/Users/karthikeyan.m/.m2/repository/com/fasterxml/jackson/core/jackson-core/2.7.8/jackson-core-2.7.8.jar:/Users/karthikeyan.m/.m2/repository/com/fasterxml/jackson/core/jackson-databind/2.7.8/jackson-databind-2.7.8.jar:/Users/karthikeyan.m/.m2/repository/com/fasterxml/jackson/datatype/jackson-datatype-guava/2.7.8/jackson-datatype-guava-2.7.8.jar:/Users/karthikeyan.m/.m2/repository/com/fasterxml/jackson/datatype/jackson-datatype-jsr310/2.7.8/jackson-datatype-jsr310-2.7.8.jar:/Users/karthikeyan.m/.m2/repository/com/fasterxml/jackson/datatype/jackson-datatype-jdk8/2.7.8/jackson-datatype-jdk8-2.7.8.jar:/Users/karthikeyan.m/.m2/repository/com/fasterxml/jackson/module/jackson-module-afterburner/2.7.8/jackson-module-afterburner-2.7.8.jar:/Users/karthikeyan.m/.m2/repository/com/fasterxml/jackson/datatype/jackson-datatype-joda/2.7.8/jackson-datatype-joda-2.7.8.jar:/Users/karthikeyan.m/.m2/repository/org/slf4j/slf4j-api/1.7.21/slf4j-api-1.7.21.jar:/Users/karthikeyan.m/.m2/repository/ch/qos/logback/logback-classic/1.1.7/logback-classic-1.1.7.jar:/Users/karthikeyan.m/.m2/repository/io/dropwizard/dropwizard-validation/1.0.3/dropwizard-validation-1.0.3.jar:/Users/karthikeyan.m/.m2/repository/org/hibernate/hibernate-validator/5.2.4.Final/hibernate-validator-5.2.4.Final.jar:/Users/karthikeyan.m/.m2/repository/javax/validation/validation-api/1.1.0.Final/validation-api-1.1.0.Final.jar:/Users/karthikeyan.m/.m2/repository/org/jboss/logging/jboss-logging/3.2.1.Final/jboss-logging-3.2.1.Final.jar:/Users/karthikeyan.m/.m2/repository/com/fasterxml/classmate/1.1.0/classmate-1.1.0.jar:/Users/karthikeyan.m/.m2/repository/org/glassfish/javax.el/3.0.0/javax.el-3.0.0.jar:/Users/karthikeyan.m/.m2/repository/io/dropwizard/dropwizard-configuration/1.0.3/dropwizard-configuration-1.0.3.jar:/Users/karthikeyan.m/.m2/repository/com/fasterxml/jackson/dataformat/jackson-dataformat-yaml/2.7.8/jackson-dataformat-yaml-2.7.8.jar:/Users/karthikeyan.m/.m2/repository/org/apache/commons/commons-lang3/3.4/commons-lang3-3.4.jar:/Users/karthikeyan.m/.m2/repository/io/dropwizard/dropwizard-logging/1.0.3/dropwizard-logging-1.0.3.jar:/Users/karthikeyan.m/.m2/repository/io/dropwizard/metrics/metrics-logback/3.1.2/metrics-logback-3.1.2.jar:/Users/karthikeyan.m/.m2/repository/org/slf4j/jul-to-slf4j/1.7.21/jul-to-slf4j-1.7.21.jar:/Users/karthikeyan.m/.m2/repository/ch/qos/logback/logback-core/1.1.7/logback-core-1.1.7.jar:/Users/karthikeyan.m/.m2/repository/org/slf4j/log4j-over-slf4j/1.7.21/log4j-over-slf4j-1.7.21.jar:/Users/karthikeyan.m/.m2/repository/org/slf4j/jcl-over-slf4j/1.7.21/jcl-over-slf4j-1.7.21.jar:/Users/karthikeyan.m/.m2/repository/org/eclipse/jetty/jetty-util/9.3.9.v20160517/jetty-util-9.3.9.v20160517.jar:/Users/karthikeyan.m/.m2/repository/io/dropwizard/dropwizard-metrics/1.0.3/dropwizard-metrics-1.0.3.jar:/Users/karthikeyan.m/.m2/repository/io/dropwizard/dropwizard-jersey/1.0.3/dropwizard-jersey-1.0.3.jar:/Users/karthikeyan.m/.m2/repository/org/glassfish/jersey/core/jersey-server/2.23.1/jersey-server-2.23.1.jar:/Users/karthikeyan.m/.m2/repository/org/glassfish/jersey/core/jersey-common/2.23.1/jersey-common-2.23.1.jar:/Users/karthikeyan.m/.m2/repository/org/glassfish/jersey/bundles/repackaged/jersey-guava/2.23.1/jersey-guava-2.23.1.jar:/Users/karthikeyan.m/.m2/repository/org/glassfish/hk2/osgi-resource-locator/1.0.1/osgi-resource-locator-1.0.1.jar:/Users/karthikeyan.m/.m2/repository/org/glassfish/jersey/core/jersey-client/2.23.1/jersey-client-2.23.1.jar:/Users/karthikeyan.m/.m2/repository/javax/ws/rs/javax.ws.rs-api/2.0.1/javax.ws.rs-api-2.0.1.jar:/Users/karthikeyan.m/.m2/repository/org/glassfish/jersey/media/jersey-media-jaxb/2.23.1/jersey-media-jaxb-2.23.1.jar:/Users/karthikeyan.m/.m2/repository/javax/annotation/javax.annotation-api/1.2/javax.annotation-api-1.2.jar:/Users/karthikeyan.m/.m2/repository/org/glassfish/hk2/hk2-api/2.4.0-b34/hk2-api-2.4.0-b34.jar:/Users/karthikeyan.m/.m2/repository/org/glassfish/hk2/hk2-utils/2.4.0-b34/hk2-utils-2.4.0-b34.jar:/Users/karthikeyan.m/.m2/repository/org/glassfish/hk2/external/aopalliance-repackaged/2.4.0-b34/aopalliance-repackaged-2.4.0-b34.jar:/Users/karthikeyan.m/.m2/repository/org/glassfish/hk2/external/javax.inject/2.4.0-b34/javax.inject-2.4.0-b34.jar:/Users/karthikeyan.m/.m2/repository/org/glassfish/hk2/hk2-locator/2.4.0-b34/hk2-locator-2.4.0-b34.jar:/Users/karthikeyan.m/.m2/repository/org/javassist/javassist/3.18.1-GA/javassist-3.18.1-GA.jar:/Users/karthikeyan.m/.m2/repository/org/glassfish/jersey/ext/jersey-metainf-services/2.23.1/jersey-metainf-services-2.23.1.jar:/Users/karthikeyan.m/.m2/repository/org/glassfish/jersey/ext/jersey-bean-validation/2.23.1/jersey-bean-validation-2.23.1.jar:/Users/karthikeyan.m/.m2/repository/io/dropwizard/metrics/metrics-jersey2/3.1.2/metrics-jersey2-3.1.2.jar:/Users/karthikeyan.m/.m2/repository/com/fasterxml/jackson/jaxrs/jackson-jaxrs-json-provider/2.7.8/jackson-jaxrs-json-provider-2.7.8.jar:/Users/karthikeyan.m/.m2/repository/com/fasterxml/jackson/jaxrs/jackson-jaxrs-base/2.7.8/jackson-jaxrs-base-2.7.8.jar:/Users/karthikeyan.m/.m2/repository/com/fasterxml/jackson/module/jackson-module-jaxb-annotations/2.7.8/jackson-module-jaxb-annotations-2.7.8.jar:/Users/karthikeyan.m/.m2/repository/org/glassfish/jersey/containers/jersey-container-servlet/2.23.1/jersey-container-servlet-2.23.1.jar:/Users/karthikeyan.m/.m2/repository/org/glassfish/jersey/containers/jersey-container-servlet-core/2.23.1/jersey-container-servlet-core-2.23.1.jar:/Users/karthikeyan.m/.m2/repository/org/eclipse/jetty/jetty-server/9.3.9.v20160517/jetty-server-9.3.9.v20160517.jar:/Users/karthikeyan.m/.m2/repository/javax/servlet/javax.servlet-api/3.1.0/javax.servlet-api-3.1.0.jar:/Users/karthikeyan.m/.m2/repository/org/eclipse/jetty/jetty-io/9.3.9.v20160517/jetty-io-9.3.9.v20160517.jar:/Users/karthikeyan.m/.m2/repository/org/eclipse/jetty/jetty-webapp/9.3.9.v20160517/jetty-webapp-9.3.9.v20160517.jar:/Users/karthikeyan.m/.m2/repository/org/eclipse/jetty/jetty-xml/9.3.9.v20160517/jetty-xml-9.3.9.v20160517.jar:/Users/karthikeyan.m/.m2/repository/org/eclipse/jetty/jetty-continuation/9.3.9.v20160517/jetty-continuation-9.3.9.v20160517.jar:/Users/karthikeyan.m/.m2/repository/io/dropwizard/dropwizard-servlets/1.0.3/dropwizard-servlets-1.0.3.jar:/Users/karthikeyan.m/.m2/repository/io/dropwizard/metrics/metrics-annotation/3.1.2/metrics-annotation-3.1.2.jar:/Users/karthikeyan.m/.m2/repository/io/dropwizard/dropwizard-jetty/1.0.3/dropwizard-jetty-1.0.3.jar:/Users/karthikeyan.m/.m2/repository/io/dropwizard/metrics/metrics-jetty9/3.1.2/metrics-jetty9-3.1.2.jar:/Users/karthikeyan.m/.m2/repository/org/eclipse/jetty/jetty-servlet/9.3.9.v20160517/jetty-servlet-9.3.9.v20160517.jar:/Users/karthikeyan.m/.m2/repository/org/eclipse/jetty/jetty-security/9.3.9.v20160517/jetty-security-9.3.9.v20160517.jar:/Users/karthikeyan.m/.m2/repository/org/eclipse/jetty/jetty-servlets/9.3.9.v20160517/jetty-servlets-9.3.9.v20160517.jar:/Users/karthikeyan.m/.m2/repository/org/eclipse/jetty/jetty-http/9.3.9.v20160517/jetty-http-9.3.9.v20160517.jar:/Users/karthikeyan.m/.m2/repository/io/dropwizard/dropwizard-lifecycle/1.0.3/dropwizard-lifecycle-1.0.3.jar:/Users/karthikeyan.m/.m2/repository/io/dropwizard/metrics/metrics-core/3.1.2/metrics-core-3.1.2.jar:/Users/karthikeyan.m/.m2/repository/io/dropwizard/metrics/metrics-jvm/3.1.2/metrics-jvm-3.1.2.jar:/Users/karthikeyan.m/.m2/repository/io/dropwizard/metrics/metrics-servlets/3.1.2/metrics-servlets-3.1.2.jar:/Users/karthikeyan.m/.m2/repository/io/dropwizard/metrics/metrics-json/3.1.2/metrics-json-3.1.2.jar:/Users/karthikeyan.m/.m2/repository/io/dropwizard/metrics/metrics-healthchecks/3.1.2/metrics-healthchecks-3.1.2.jar:/Users/karthikeyan.m/.m2/repository/io/dropwizard/dropwizard-request-logging/1.0.3/dropwizard-request-logging-1.0.3.jar:/Users/karthikeyan.m/.m2/repository/ch/qos/logback/logback-access/1.1.7/logback-access-1.1.7.jar:/Users/karthikeyan.m/.m2/repository/net/sourceforge/argparse4j/argparse4j/0.7.0/argparse4j-0.7.0.jar:/Users/karthikeyan.m/.m2/repository/org/eclipse/jetty/toolchain/setuid/jetty-setuid-java/1.0.3/jetty-setuid-java-1.0.3.jar:/Users/karthikeyan.m/.m2/repository/org/twitter4j/twitter4j-core/4.0.7/twitter4j-core-4.0.7.jar:/Users/karthikeyan.m/.m2/repository/org/yaml/snakeyaml/1.21/snakeyaml-1.21.jar:/Users/karthikeyan.m/.m2/repository/org/springframework/spring-context/4.0.5.RELEASE/spring-context-4.0.5.RELEASE.jar:/Users/karthikeyan.m/.m2/repository/org/springframework/spring-aop/4.0.5.RELEASE/spring-aop-4.0.5.RELEASE.jar:/Users/karthikeyan.m/.m2/repository/aopalliance/aopalliance/1.0/aopalliance-1.0.jar:/Users/karthikeyan.m/.m2/repository/org/springframework/spring-beans/4.0.5.RELEASE/spring-beans-4.0.5.RELEASE.jar:/Users/karthikeyan.m/.m2/repository/org/springframework/spring-core/4.0.5.RELEASE/spring-core-4.0.5.RELEASE.jar:/Users/karthikeyan.m/.m2/repository/commons-logging/commons-logging/1.1.3/commons-logging-1.1.3.jar:/Users/karthikeyan.m/.m2/repository/org/springframework/spring-expression/4.0.5.RELEASE/spring-expression-4.0.5.RELEASE.jar:/Users/karthikeyan.m/.m2/repository/io/dropwizard/dropwizard-assets/1.0.3/dropwizard-assets-1.0.3.jar:/Users/karthikeyan.m/.m2/repository/org/springframework/spring-context-support/5.3.3/spring-context-support-5.3.3.jar:/Users/karthikeyan.m/.m2/repository/org/springframework/boot/spring-boot-starter-cache/2.5.0/spring-boot-starter-cache-2.5.0.jar:/Users/karthikeyan.m/.m2/repository/org/springframework/boot/spring-boot-starter/2.5.0/spring-boot-starter-2.5.0.jar:/Users/karthikeyan.m/.m2/repository/org/springframework/boot/spring-boot/2.5.0/spring-boot-2.5.0.jar:/Users/karthikeyan.m/.m2/repository/org/springframework/boot/spring-boot-autoconfigure/2.5.0/spring-boot-autoconfigure-2.5.0.jar:/Users/karthikeyan.m/.m2/repository/org/springframework/boot/spring-boot-starter-logging/2.5.0/spring-boot-starter-logging-2.5.0.jar:/Users/karthikeyan.m/.m2/repository/org/apache/logging/log4j/log4j-to-slf4j/2.14.1/log4j-to-slf4j-2.14.1.jar:/Users/karthikeyan.m/.m2/repository/org/apache/logging/log4j/log4j-api/2.14.1/log4j-api-2.14.1.jar:/Users/karthikeyan.m/.m2/repository/jakarta/annotation/jakarta.annotation-api/1.3.5/jakarta.annotation-api-1.3.5.jar:/Users/karthikeyan.m/.m2/repository/org/easymock/easymock/3.5.1/easymock-3.5.1.jar:/Users/karthikeyan.m/.m2/repository/org/objenesis/objenesis/2.6/objenesis-2.6.jar:/Users/karthikeyan.m/.m2/repository/org/jacoco/jacoco-maven-plugin/0.8.7/jacoco-maven-plugin-0.8.7.jar:/Users/karthikeyan.m/.m2/repository/org/apache/maven/maven-plugin-api/3.0/maven-plugin-api-3.0.jar:/Users/karthikeyan.m/.m2/repository/org/apache/maven/maven-model/3.0/maven-model-3.0.jar:/Users/karthikeyan.m/.m2/repository/org/apache/maven/maven-artifact/3.0/maven-artifact-3.0.jar:/Users/karthikeyan.m/.m2/repository/org/sonatype/sisu/sisu-inject-plexus/1.4.2/sisu-inject-plexus-1.4.2.jar:/Users/karthikeyan.m/.m2/repository/org/sonatype/sisu/sisu-inject-bean/1.4.2/sisu-inject-bean-1.4.2.jar:/Users/karthikeyan.m/.m2/repository/org/sonatype/sisu/sisu-guice/2.1.7/sisu-guice-2.1.7-noaop.jar:/Users/karthikeyan.m/.m2/repository/org/apache/maven/maven-core/3.0/maven-core-3.0.jar:/Users/karthikeyan.m/.m2/repository/org/apache/maven/maven-settings/3.0/maven-settings-3.0.jar:/Users/karthikeyan.m/.m2/repository/org/apache/maven/maven-settings-builder/3.0/maven-settings-builder-3.0.jar:/Users/karthikeyan.m/.m2/repository/org/apache/maven/maven-repository-metadata/3.0/maven-repository-metadata-3.0.jar:/Users/karthikeyan.m/.m2/repository/org/apache/maven/maven-model-builder/3.0/maven-model-builder-3.0.jar:/Users/karthikeyan.m/.m2/repository/org/apache/maven/maven-aether-provider/3.0/maven-aether-provider-3.0.jar:/Users/karthikeyan.m/.m2/repository/org/sonatype/aether/aether-impl/1.7/aether-impl-1.7.jar:/Users/karthikeyan.m/.m2/repository/org/sonatype/aether/aether-spi/1.7/aether-spi-1.7.jar:/Users/karthikeyan.m/.m2/repository/org/sonatype/aether/aether-api/1.7/aether-api-1.7.jar:/Users/karthikeyan.m/.m2/repository/org/sonatype/aether/aether-util/1.7/aether-util-1.7.jar:/Users/karthikeyan.m/.m2/repository/org/codehaus/plexus/plexus-interpolation/1.14/plexus-interpolation-1.14.jar:/Users/karthikeyan.m/.m2/repository/org/codehaus/plexus/plexus-classworlds/2.2.3/plexus-classworlds-2.2.3.jar:/Users/karthikeyan.m/.m2/repository/org/codehaus/plexus/plexus-component-annotations/1.5.5/plexus-component-annotations-1.5.5.jar:/Users/karthikeyan.m/.m2/repository/org/sonatype/plexus/plexus-sec-dispatcher/1.3/plexus-sec-dispatcher-1.3.jar:/Users/karthikeyan.m/.m2/repository/org/sonatype/plexus/plexus-cipher/1.4/plexus-cipher-1.4.jar:/Users/karthikeyan.m/.m2/repository/org/codehaus/plexus/plexus-utils/3.0.22/plexus-utils-3.0.22.jar:/Users/karthikeyan.m/.m2/repository/org/apache/maven/shared/file-management/1.2.1/file-management-1.2.1.jar:/Users/karthikeyan.m/.m2/repository/org/apache/maven/shared/maven-shared-io/1.1/maven-shared-io-1.1.jar:/Users/karthikeyan.m/.m2/repository/org/apache/maven/maven-artifact-manager/2.0.2/maven-artifact-manager-2.0.2.jar:/Users/karthikeyan.m/.m2/repository/org/apache/maven/wagon/wagon-provider-api/1.0-alpha-6/wagon-provider-api-1.0-alpha-6.jar:/Users/karthikeyan.m/.m2/repository/org/codehaus/plexus/plexus-container-default/1.0-alpha-9/plexus-container-default-1.0-alpha-9.jar:/Users/karthikeyan.m/.m2/repository/classworlds/classworlds/1.1-alpha-2/classworlds-1.1-alpha-2.jar:/Users/karthikeyan.m/.m2/repository/org/apache/maven/reporting/maven-reporting-api/3.0/maven-reporting-api-3.0.jar:/Users/karthikeyan.m/.m2/repository/org/apache/maven/doxia/doxia-sink-api/1.0/doxia-sink-api-1.0.jar:/Users/karthikeyan.m/.m2/repository/org/jacoco/org.jacoco.agent/0.8.7/org.jacoco.agent-0.8.7-runtime.jar:/Users/karthikeyan.m/.m2/repository/org/jacoco/org.jacoco.core/0.8.7/org.jacoco.core-0.8.7.jar:/Users/karthikeyan.m/.m2/repository/org/ow2/asm/asm/9.1/asm-9.1.jar:/Users/karthikeyan.m/.m2/repository/org/ow2/asm/asm-commons/9.1/asm-commons-9.1.jar:/Users/karthikeyan.m/.m2/repository/org/ow2/asm/asm-analysis/9.1/asm-analysis-9.1.jar:/Users/karthikeyan.m/.m2/repository/org/ow2/asm/asm-tree/9.1/asm-tree-9.1.jar:/Users/karthikeyan.m/.m2/repository/org/jacoco/org.jacoco.report/0.8.7/org.jacoco.report-0.8.7.jar:"/>
    <property name="sun.cpu.endian" value="little"/>
    <property name="user.home" value="/Users/karthikeyan.m"/>
    <property name="user.language" value="en"/>
    <property name="java.specification.vendor" value="Oracle Corporation"/>
    <property name="java.home" value="/Library/Java/JavaVirtualMachines/jdk1.8.0_301.jdk/Contents/Home/jre"/>
    <property name="basedir" value="/Users/karthikeyan.m/IdeaProjects/DropWizard-Twitter"/>
    <property name="file.separator" value="/"/>
    <property name="line.separator" value="&#10;"/>
    <property name="java.vm.specification.vendor" value="Oracle Corporation"/>
    <property name="java.specification.name" value="Java Platform API Specification"/>
    <property name="java.awt.graphicsenv" value="sun.awt.CGraphicsEnvironment"/>
    <property name="surefire.real.class.path" value="/Users/karthikeyan.m/IdeaProjects/DropWizard-Twitter/target/surefire/surefirebooter2942808482974998111.jar:/Users/karthikeyan.m/.m2/repository/org/jacoco/org.jacoco.agent/0.8.7/org.jacoco.agent-0.8.7-runtime.jar"/>
    <property name="sun.boot.class.path" value="/Library/Java/JavaVirtualMachines/jdk1.8.0_301.jdk/Contents/Home/jre/lib/resources.jar:/Library/Java/JavaVirtualMachines/jdk1.8.0_301.jdk/Contents/Home/jre/lib/rt.jar:/Library/Java/JavaVirtualMachines/jdk1.8.0_301.jdk/Contents/Home/jre/lib/sunrsasign.jar:/Library/Java/JavaVirtualMachines/jdk1.8.0_301.jdk/Contents/Home/jre/lib/jsse.jar:/Library/Java/JavaVirtualMachines/jdk1.8.0_301.jdk/Contents/Home/jre/lib/jce.jar:/Library/Java/JavaVirtualMachines/jdk1.8.0_301.jdk/Contents/Home/jre/lib/charsets.jar:/Library/Java/JavaVirtualMachines/jdk1.8.0_301.jdk/Contents/Home/jre/lib/jfr.jar:/Library/Java/JavaVirtualMachines/jdk1.8.0_301.jdk/Contents/Home/jre/classes"/>
    <property name="sun.management.compiler" value="HotSpot 64-Bit Tiered Compilers"/>
    <property name="java.runtime.version" value="1.8.0_301-b09"/>
    <property name="user.name" value="karthikeyan.m"/>
    <property name="path.separator" value=":"/>
    <property name="os.version" value="10.15.7"/>
    <property name="java.endorsed.dirs" value="/Library/Java/JavaVirtualMachines/jdk1.8.0_301.jdk/Contents/Home/jre/lib/endorsed"/>
    <property name="java.runtime.name" value="Java(TM) SE Runtime Environment"/>
    <property name="file.encoding" value="US-ASCII"/>
    <property name="java.vm.name" value="Java HotSpot(TM) 64-Bit Server VM"/>
    <property name="localRepository" value="/Users/karthikeyan.m/.m2/repository"/>
    <property name="java.vendor.url.bug" value="http://bugreport.sun.com/bugreport/"/>
    <property name="java.io.tmpdir" value="/var/folders/mm/pmg65r195d17dgxz7y1tjqk40000gp/T/"/>
    <property name="idea.version" value="2021.2.1"/>
    <property name="java.version" value="1.8.0_301"/>
    <property name="user.dir" value="/Users/karthikeyan.m/IdeaProjects/DropWizard-Twitter"/>
    <property name="os.arch" value="x86_64"/>
    <property name="java.vm.specification.name" value="Java Virtual Machine Specification"/>
    <property name="java.awt.printerjob" value="sun.lwawt.macosx.CPrinterJob"/>
    <property name="sun.os.patch.level" value="unknown"/>
    <property name="java.library.path" value="/Users/karthikeyan.m/Library/Java/Extensions:/Library/Java/Extensions:/Network/Library/Java/Extensions:/System/Library/Java/Extensions:/usr/lib/java:."/>
    <property name="java.vm.info" value="mixed mode"/>
    <property name="java.vendor" value="Oracle Corporation"/>
    <property name="java.vm.version" value="25.301-b09"/>
    <property name="java.ext.dirs" value="/Users/karthikeyan.m/Library/Java/Extensions:/Library/Java/JavaVirtualMachines/jdk1.8.0_301.jdk/Contents/Home/jre/lib/ext:/Library/Java/Extensions:/Network/Library/Java/Extensions:/System/Library/Java/Extensions:/usr/lib/java"/>
    <property name="sun.io.unicode.encoding" value="UnicodeBig"/>
    <property name="java.class.version" value="52.0"/>
  </properties>
  <testcase name="testPostTweet" classname="org.example.TwitterServiceTest" time="2.07"/>
  <testcase name="testTimeLine" classname="org.example.TwitterServiceTest" time="0.754"/>
</testsuite>